<?xml version="1.0" encoding="UTF-8"?>
<testng-results skipped="0" failed="2" total="19" passed="17">
  <reporter-output>
  </reporter-output>
  <suite name="com.edge.GFS.online.TestGFSOnline" duration-ms="467009" started-at="2017-02-24T12:07:59Z" finished-at="2017-02-24T12:15:46Z">
    <groups>
    </groups>
    <test name="Command line test" duration-ms="467009" started-at="2017-02-24T12:07:59Z" finished-at="2017-02-24T12:15:46Z">
      <class name="com.edge.GFS.online.TestGFSOnline">
        <test-method status="PASS" signature="setup()[pri:0, instance:com.edge.GFS.online.TestGFSOnline@614c5515]" name="setup" is-config="true" duration-ms="31" started-at="2017-02-24T04:07:59Z" finished-at="2017-02-24T04:07:59Z">
          <reporter-output>
          </reporter-output>
        </test-method> <!-- setup -->
        <test-method status="PASS" signature="beforeTest()[pri:0, instance:com.edge.GFS.online.TestGFSOnline@614c5515]" name="beforeTest" is-config="true" duration-ms="8910" started-at="2017-02-24T04:07:59Z" finished-at="2017-02-24T04:08:08Z">
          <reporter-output>
          </reporter-output>
        </test-method> <!-- beforeTest -->
        <test-method status="PASS" signature="Espositos_GFS()[pri:0, instance:com.edge.GFS.online.TestGFSOnline@614c5515]" name="Espositos_GFS" duration-ms="16375" started-at="2017-02-24T04:08:08Z" finished-at="2017-02-24T04:08:24Z">
          <reporter-output>
          </reporter-output>
        </test-method> <!-- Espositos_GFS -->
        <test-method status="PASS" signature="pretearDown()[pri:0, instance:com.edge.GFS.online.TestGFSOnline@614c5515]" name="pretearDown" is-config="true" duration-ms="1775" started-at="2017-02-24T04:08:24Z" finished-at="2017-02-24T04:08:26Z">
          <reporter-output>
          </reporter-output>
        </test-method> <!-- pretearDown -->
        <test-method status="PASS" signature="beforeTest()[pri:0, instance:com.edge.GFS.online.TestGFSOnline@614c5515]" name="beforeTest" is-config="true" duration-ms="6288" started-at="2017-02-24T04:08:26Z" finished-at="2017-02-24T04:08:32Z">
          <reporter-output>
          </reporter-output>
        </test-method> <!-- beforeTest -->
        <test-method status="PASS" signature="Liguoris_GFS()[pri:0, instance:com.edge.GFS.online.TestGFSOnline@614c5515]" name="Liguoris_GFS" duration-ms="13635" started-at="2017-02-24T04:08:32Z" finished-at="2017-02-24T04:08:46Z">
          <reporter-output>
          </reporter-output>
        </test-method> <!-- Liguoris_GFS -->
        <test-method status="PASS" signature="pretearDown()[pri:0, instance:com.edge.GFS.online.TestGFSOnline@614c5515]" name="pretearDown" is-config="true" duration-ms="1075" started-at="2017-02-24T04:08:46Z" finished-at="2017-02-24T04:08:47Z">
          <reporter-output>
          </reporter-output>
        </test-method> <!-- pretearDown -->
        <test-method status="PASS" signature="beforeTest()[pri:0, instance:com.edge.GFS.online.TestGFSOnline@614c5515]" name="beforeTest" is-config="true" duration-ms="6246" started-at="2017-02-24T04:08:47Z" finished-at="2017-02-24T04:08:53Z">
          <reporter-output>
          </reporter-output>
        </test-method> <!-- beforeTest -->
        <test-method status="PASS" signature="Gilberts_GFS()[pri:0, instance:com.edge.GFS.online.TestGFSOnline@614c5515]" name="Gilberts_GFS" duration-ms="15192" started-at="2017-02-24T04:08:53Z" finished-at="2017-02-24T04:09:08Z">
          <reporter-output>
          </reporter-output>
        </test-method> <!-- Gilberts_GFS -->
        <test-method status="PASS" signature="pretearDown()[pri:0, instance:com.edge.GFS.online.TestGFSOnline@614c5515]" name="pretearDown" is-config="true" duration-ms="1055" started-at="2017-02-24T04:09:08Z" finished-at="2017-02-24T04:09:09Z">
          <reporter-output>
          </reporter-output>
        </test-method> <!-- pretearDown -->
        <test-method status="PASS" signature="beforeTest()[pri:0, instance:com.edge.GFS.online.TestGFSOnline@614c5515]" name="beforeTest" is-config="true" duration-ms="6283" started-at="2017-02-24T04:09:09Z" finished-at="2017-02-24T04:09:16Z">
          <reporter-output>
          </reporter-output>
        </test-method> <!-- beforeTest -->
        <test-method status="PASS" signature="OldKeyLime_GFS()[pri:0, instance:com.edge.GFS.online.TestGFSOnline@614c5515]" name="OldKeyLime_GFS" duration-ms="16335" started-at="2017-02-24T04:09:16Z" finished-at="2017-02-24T04:09:32Z">
          <reporter-output>
          </reporter-output>
        </test-method> <!-- OldKeyLime_GFS -->
        <test-method status="PASS" signature="pretearDown()[pri:0, instance:com.edge.GFS.online.TestGFSOnline@614c5515]" name="pretearDown" is-config="true" duration-ms="930" started-at="2017-02-24T04:09:32Z" finished-at="2017-02-24T04:09:33Z">
          <reporter-output>
          </reporter-output>
        </test-method> <!-- pretearDown -->
        <test-method status="PASS" signature="beforeTest()[pri:0, instance:com.edge.GFS.online.TestGFSOnline@614c5515]" name="beforeTest" is-config="true" duration-ms="6193" started-at="2017-02-24T04:09:33Z" finished-at="2017-02-24T04:09:39Z">
          <reporter-output>
          </reporter-output>
        </test-method> <!-- beforeTest -->
        <test-method status="PASS" signature="SportsGrillSunset_GFS()[pri:0, instance:com.edge.GFS.online.TestGFSOnline@614c5515]" name="SportsGrillSunset_GFS" duration-ms="13819" started-at="2017-02-24T04:09:39Z" finished-at="2017-02-24T04:09:53Z">
          <reporter-output>
          </reporter-output>
        </test-method> <!-- SportsGrillSunset_GFS -->
        <test-method status="PASS" signature="pretearDown()[pri:0, instance:com.edge.GFS.online.TestGFSOnline@614c5515]" name="pretearDown" is-config="true" duration-ms="1121" started-at="2017-02-24T04:09:53Z" finished-at="2017-02-24T04:09:54Z">
          <reporter-output>
          </reporter-output>
        </test-method> <!-- pretearDown -->
        <test-method status="PASS" signature="beforeTest()[pri:0, instance:com.edge.GFS.online.TestGFSOnline@614c5515]" name="beforeTest" is-config="true" duration-ms="6317" started-at="2017-02-24T04:09:54Z" finished-at="2017-02-24T04:10:00Z">
          <reporter-output>
          </reporter-output>
        </test-method> <!-- beforeTest -->
        <test-method status="PASS" signature="SportsGrillKendall_GFS()[pri:0, instance:com.edge.GFS.online.TestGFSOnline@614c5515]" name="SportsGrillKendall_GFS" duration-ms="15013" started-at="2017-02-24T04:10:00Z" finished-at="2017-02-24T04:10:15Z">
          <reporter-output>
          </reporter-output>
        </test-method> <!-- SportsGrillKendall_GFS -->
        <test-method status="PASS" signature="pretearDown()[pri:0, instance:com.edge.GFS.online.TestGFSOnline@614c5515]" name="pretearDown" is-config="true" duration-ms="889" started-at="2017-02-24T04:10:15Z" finished-at="2017-02-24T04:10:16Z">
          <reporter-output>
          </reporter-output>
        </test-method> <!-- pretearDown -->
        <test-method status="PASS" signature="beforeTest()[pri:0, instance:com.edge.GFS.online.TestGFSOnline@614c5515]" name="beforeTest" is-config="true" duration-ms="6263" started-at="2017-02-24T04:10:16Z" finished-at="2017-02-24T04:10:23Z">
          <reporter-output>
          </reporter-output>
        </test-method> <!-- beforeTest -->
        <test-method status="PASS" signature="SportsGrillPembroke_GFS()[pri:0, instance:com.edge.GFS.online.TestGFSOnline@614c5515]" name="SportsGrillPembroke_GFS" duration-ms="16700" started-at="2017-02-24T04:10:23Z" finished-at="2017-02-24T04:10:39Z">
          <reporter-output>
          </reporter-output>
        </test-method> <!-- SportsGrillPembroke_GFS -->
        <test-method status="PASS" signature="pretearDown()[pri:0, instance:com.edge.GFS.online.TestGFSOnline@614c5515]" name="pretearDown" is-config="true" duration-ms="1197" started-at="2017-02-24T04:10:39Z" finished-at="2017-02-24T04:10:40Z">
          <reporter-output>
          </reporter-output>
        </test-method> <!-- pretearDown -->
        <test-method status="PASS" signature="beforeTest()[pri:0, instance:com.edge.GFS.online.TestGFSOnline@614c5515]" name="beforeTest" is-config="true" duration-ms="6414" started-at="2017-02-24T04:10:40Z" finished-at="2017-02-24T04:10:47Z">
          <reporter-output>
          </reporter-output>
        </test-method> <!-- beforeTest -->
        <test-method status="PASS" signature="SportsGrillPalmetto_GFS()[pri:0, instance:com.edge.GFS.online.TestGFSOnline@614c5515]" name="SportsGrillPalmetto_GFS" duration-ms="14596" started-at="2017-02-24T04:10:47Z" finished-at="2017-02-24T04:11:01Z">
          <reporter-output>
          </reporter-output>
        </test-method> <!-- SportsGrillPalmetto_GFS -->
        <test-method status="PASS" signature="pretearDown()[pri:0, instance:com.edge.GFS.online.TestGFSOnline@614c5515]" name="pretearDown" is-config="true" duration-ms="1047" started-at="2017-02-24T04:11:01Z" finished-at="2017-02-24T04:11:02Z">
          <reporter-output>
          </reporter-output>
        </test-method> <!-- pretearDown -->
        <test-method status="PASS" signature="beforeTest()[pri:0, instance:com.edge.GFS.online.TestGFSOnline@614c5515]" name="beforeTest" is-config="true" duration-ms="6327" started-at="2017-02-24T04:11:02Z" finished-at="2017-02-24T04:11:09Z">
          <reporter-output>
          </reporter-output>
        </test-method> <!-- beforeTest -->
        <test-method status="PASS" signature="SportsGrillSouthMiami_GFS()[pri:0, instance:com.edge.GFS.online.TestGFSOnline@614c5515]" name="SportsGrillSouthMiami_GFS" duration-ms="14502" started-at="2017-02-24T04:11:09Z" finished-at="2017-02-24T04:11:23Z">
          <reporter-output>
          </reporter-output>
        </test-method> <!-- SportsGrillSouthMiami_GFS -->
        <test-method status="PASS" signature="pretearDown()[pri:0, instance:com.edge.GFS.online.TestGFSOnline@614c5515]" name="pretearDown" is-config="true" duration-ms="912" started-at="2017-02-24T04:11:23Z" finished-at="2017-02-24T04:11:24Z">
          <reporter-output>
          </reporter-output>
        </test-method> <!-- pretearDown -->
        <test-method status="PASS" signature="beforeTest()[pri:0, instance:com.edge.GFS.online.TestGFSOnline@614c5515]" name="beforeTest" is-config="true" duration-ms="6159" started-at="2017-02-24T04:11:24Z" finished-at="2017-02-24T04:11:30Z">
          <reporter-output>
          </reporter-output>
        </test-method> <!-- beforeTest -->
        <test-method status="PASS" signature="Talavera_GFS()[pri:0, instance:com.edge.GFS.online.TestGFSOnline@614c5515]" name="Talavera_GFS" duration-ms="14296" started-at="2017-02-24T04:11:30Z" finished-at="2017-02-24T04:11:45Z">
          <reporter-output>
          </reporter-output>
        </test-method> <!-- Talavera_GFS -->
        <test-method status="PASS" signature="pretearDown()[pri:0, instance:com.edge.GFS.online.TestGFSOnline@614c5515]" name="pretearDown" is-config="true" duration-ms="1019" started-at="2017-02-24T04:11:45Z" finished-at="2017-02-24T04:11:46Z">
          <reporter-output>
          </reporter-output>
        </test-method> <!-- pretearDown -->
        <test-method status="PASS" signature="beforeTest()[pri:0, instance:com.edge.GFS.online.TestGFSOnline@614c5515]" name="beforeTest" is-config="true" duration-ms="6371" started-at="2017-02-24T04:11:46Z" finished-at="2017-02-24T04:11:52Z">
          <reporter-output>
          </reporter-output>
        </test-method> <!-- beforeTest -->
        <test-method status="FAIL" signature="TownKitchen_GFS()[pri:0, instance:com.edge.GFS.online.TestGFSOnline@614c5515]" name="TownKitchen_GFS" duration-ms="63377" started-at="2017-02-24T04:11:52Z" finished-at="2017-02-24T04:12:55Z">
          <exception class="org.openqa.selenium.TimeoutException">
            <message>
              <![CDATA[Expected condition failed: waiting for visibility of element located by By.xpath: //a[contains(.,'Order Guide')]/* (tried for 50 second(s) with 500 MILLISECONDS interval)
Build info: version: '3.0.1', revision: '1969d75', time: '2016-10-18 09:49:13 -0700'
System info: host: '1SF28Q', ip: '67.225.160.228', os.name: 'Windows Server 2012 R2', os.arch: 'amd64', os.version: '6.3', java.version: '1.8.0_121'
Driver info: org.openqa.selenium.chrome.ChromeDriver
Capabilities [{applicationCacheEnabled=false, rotatable=false, mobileEmulationEnabled=false, networkConnectionEnabled=false, chrome={chromedriverVersion=2.27.440174 (e97a722caafc2d3a8b807ee115bfb307f7d2cfd9), userDataDir=C:\Users\Edge\AppData\Local\Temp\4\scoped_dir122684_23803}, takesHeapSnapshot=true, pageLoadStrategy=normal, databaseEnabled=false, handlesAlerts=true, hasTouchScreen=false, version=56.0.2924.87, platform=WIN8_1, browserConnectionEnabled=false, nativeEvents=true, acceptSslCerts=true, locationContextEnabled=true, webStorageEnabled=true, browserName=chrome, takesScreenshot=true, javascriptEnabled=true, cssSelectorsEnabled=true, unexpectedAlertBehaviour=}]
Session ID: 087d3699c111b2acdfa128f4432a8e94]]>
            </message>
            <full-stacktrace>
              <![CDATA[org.openqa.selenium.TimeoutException: Expected condition failed: waiting for visibility of element located by By.xpath: //a[contains(.,'Order Guide')]/* (tried for 50 second(s) with 500 MILLISECONDS interval)
Build info: version: '3.0.1', revision: '1969d75', time: '2016-10-18 09:49:13 -0700'
System info: host: '1SF28Q', ip: '67.225.160.228', os.name: 'Windows Server 2012 R2', os.arch: 'amd64', os.version: '6.3', java.version: '1.8.0_121'
Driver info: org.openqa.selenium.chrome.ChromeDriver
Capabilities [{applicationCacheEnabled=false, rotatable=false, mobileEmulationEnabled=false, networkConnectionEnabled=false, chrome={chromedriverVersion=2.27.440174 (e97a722caafc2d3a8b807ee115bfb307f7d2cfd9), userDataDir=C:\Users\Edge\AppData\Local\Temp\4\scoped_dir122684_23803}, takesHeapSnapshot=true, pageLoadStrategy=normal, databaseEnabled=false, handlesAlerts=true, hasTouchScreen=false, version=56.0.2924.87, platform=WIN8_1, browserConnectionEnabled=false, nativeEvents=true, acceptSslCerts=true, locationContextEnabled=true, webStorageEnabled=true, browserName=chrome, takesScreenshot=true, javascriptEnabled=true, cssSelectorsEnabled=true, unexpectedAlertBehaviour=}]
Session ID: 087d3699c111b2acdfa128f4432a8e94
	at org.openqa.selenium.support.ui.WebDriverWait.timeoutException(WebDriverWait.java:80)
	at org.openqa.selenium.support.ui.FluentWait.until(FluentWait.java:265)
	at com.edge.GFS.online.CommonGFS.StepsToExport(CommonGFS.java:184)
	at com.edge.GFS.online.TestGFSOnline.TownKitchen_GFS(TestGFSOnline.java:196)
	at sun.reflect.NativeMethodAccessorImpl.invoke0(Native Method)
	at sun.reflect.NativeMethodAccessorImpl.invoke(NativeMethodAccessorImpl.java:62)
	at sun.reflect.DelegatingMethodAccessorImpl.invoke(DelegatingMethodAccessorImpl.java:43)
	at java.lang.reflect.Method.invoke(Method.java:498)
	at org.testng.internal.MethodInvocationHelper.invokeMethod(MethodInvocationHelper.java:80)
	at org.testng.internal.Invoker.invokeMethod(Invoker.java:714)
	at org.testng.internal.Invoker.invokeTestMethod(Invoker.java:901)
	at org.testng.internal.Invoker.invokeTestMethods(Invoker.java:1231)
	at org.testng.internal.TestMethodWorker.invokeTestMethods(TestMethodWorker.java:127)
	at org.testng.internal.TestMethodWorker.run(TestMethodWorker.java:111)
	at org.testng.TestRunner.privateRun(TestRunner.java:767)
	at org.testng.TestRunner.run(TestRunner.java:617)
	at org.testng.SuiteRunner.runTest(SuiteRunner.java:334)
	at org.testng.SuiteRunner.runSequentially(SuiteRunner.java:329)
	at org.testng.SuiteRunner.privateRun(SuiteRunner.java:291)
	at org.testng.SuiteRunner.run(SuiteRunner.java:240)
	at org.testng.SuiteRunnerWorker.runSuite(SuiteRunnerWorker.java:52)
	at org.testng.SuiteRunnerWorker.run(SuiteRunnerWorker.java:86)
	at org.testng.TestNG.runSuitesSequentially(TestNG.java:1198)
	at org.testng.TestNG.runSuitesLocally(TestNG.java:1123)
	at org.testng.TestNG.run(TestNG.java:1031)
	at org.apache.maven.surefire.testng.TestNGExecutor.run(TestNGExecutor.java:77)
	at org.apache.maven.surefire.testng.TestNGDirectoryTestSuite.executeSingleClass(TestNGDirectoryTestSuite.java:126)
	at org.apache.maven.surefire.testng.TestNGDirectoryTestSuite.execute(TestNGDirectoryTestSuite.java:110)
	at org.apache.maven.surefire.testng.TestNGProvider.invoke(TestNGProvider.java:117)
	at sun.reflect.NativeMethodAccessorImpl.invoke0(Native Method)
	at sun.reflect.NativeMethodAccessorImpl.invoke(NativeMethodAccessorImpl.java:62)
	at sun.reflect.DelegatingMethodAccessorImpl.invoke(DelegatingMethodAccessorImpl.java:43)
	at java.lang.reflect.Method.invoke(Method.java:498)
	at org.apache.maven.surefire.util.ReflectionUtils.invokeMethodWithArray2(ReflectionUtils.java:208)
	at org.apache.maven.surefire.booter.ProviderFactory$ProviderProxy.invoke(ProviderFactory.java:158)
	at org.apache.maven.surefire.booter.ProviderFactory.invokeProvider(ProviderFactory.java:86)
	at org.apache.maven.surefire.booter.ForkedBooter.runSuitesInProcess(ForkedBooter.java:153)
	at org.apache.maven.surefire.booter.ForkedBooter.main(ForkedBooter.java:95)
Caused by: org.openqa.selenium.NoSuchElementException: no such element: Unable to locate element: {"method":"xpath","selector":"//a[contains(.,'Order Guide')]/*"}
  (Session info: chrome=56.0.2924.87)
  (Driver info: chromedriver=2.27.440174 (e97a722caafc2d3a8b807ee115bfb307f7d2cfd9),platform=Windows NT 6.3.9600 x86_64) (WARNING: The server did not provide any stacktrace information)
Command duration or timeout: 5.01 seconds
For documentation on this error, please visit: http://seleniumhq.org/exceptions/no_such_element.html
Build info: version: '3.0.1', revision: '1969d75', time: '2016-10-18 09:49:13 -0700'
System info: host: '1SF28Q', ip: '67.225.160.228', os.name: 'Windows Server 2012 R2', os.arch: 'amd64', os.version: '6.3', java.version: '1.8.0_121'
Driver info: org.openqa.selenium.chrome.ChromeDriver
Capabilities [{applicationCacheEnabled=false, rotatable=false, mobileEmulationEnabled=false, networkConnectionEnabled=false, chrome={chromedriverVersion=2.27.440174 (e97a722caafc2d3a8b807ee115bfb307f7d2cfd9), userDataDir=C:\Users\Edge\AppData\Local\Temp\4\scoped_dir122684_23803}, takesHeapSnapshot=true, pageLoadStrategy=normal, databaseEnabled=false, handlesAlerts=true, hasTouchScreen=false, version=56.0.2924.87, platform=WIN8_1, browserConnectionEnabled=false, nativeEvents=true, acceptSslCerts=true, locationContextEnabled=true, webStorageEnabled=true, browserName=chrome, takesScreenshot=true, javascriptEnabled=true, cssSelectorsEnabled=true, unexpectedAlertBehaviour=}]
Session ID: 087d3699c111b2acdfa128f4432a8e94
*** Element info: {Using=xpath, value=//a[contains(.,'Order Guide')]/*}
	at sun.reflect.GeneratedConstructorAccessor18.newInstance(Unknown Source)
	at sun.reflect.DelegatingConstructorAccessorImpl.newInstance(DelegatingConstructorAccessorImpl.java:45)
	at java.lang.reflect.Constructor.newInstance(Constructor.java:423)
	at org.openqa.selenium.remote.ErrorHandler.createThrowable(ErrorHandler.java:216)
	at org.openqa.selenium.remote.ErrorHandler.throwIfResponseFailed(ErrorHandler.java:168)
	at org.openqa.selenium.remote.RemoteWebDriver.execute(RemoteWebDriver.java:635)
	at org.openqa.selenium.remote.RemoteWebDriver.findElement(RemoteWebDriver.java:368)
	at org.openqa.selenium.remote.RemoteWebDriver.findElementByXPath(RemoteWebDriver.java:473)
	at org.openqa.selenium.By$ByXPath.findElement(By.java:361)
	at org.openqa.selenium.remote.RemoteWebDriver.findElement(RemoteWebDriver.java:360)
	at org.openqa.selenium.support.ui.ExpectedConditions.findElement(ExpectedConditions.java:895)
	at org.openqa.selenium.support.ui.ExpectedConditions.access$000(ExpectedConditions.java:41)
	at org.openqa.selenium.support.ui.ExpectedConditions$7.apply(ExpectedConditions.java:205)
	at org.openqa.selenium.support.ui.ExpectedConditions$7.apply(ExpectedConditions.java:201)
	at org.openqa.selenium.support.ui.FluentWait.until(FluentWait.java:238)
	... 36 more
]]>
            </full-stacktrace>
          </exception> <!-- org.openqa.selenium.TimeoutException -->
          <reporter-output>
          </reporter-output>
        </test-method> <!-- TownKitchen_GFS -->
        <test-method status="PASS" signature="pretearDown()[pri:0, instance:com.edge.GFS.online.TestGFSOnline@614c5515]" name="pretearDown" is-config="true" duration-ms="970" started-at="2017-02-24T04:12:56Z" finished-at="2017-02-24T04:12:56Z">
          <reporter-output>
          </reporter-output>
        </test-method> <!-- pretearDown -->
        <test-method status="PASS" signature="beforeTest()[pri:0, instance:com.edge.GFS.online.TestGFSOnline@614c5515]" name="beforeTest" is-config="true" duration-ms="6102" started-at="2017-02-24T04:12:56Z" finished-at="2017-02-24T04:13:03Z">
          <reporter-output>
          </reporter-output>
        </test-method> <!-- beforeTest -->
        <test-method status="PASS" signature="BigPink_GFS()[pri:0, instance:com.edge.GFS.online.TestGFSOnline@614c5515]" name="BigPink_GFS" duration-ms="15541" started-at="2017-02-24T04:13:03Z" finished-at="2017-02-24T04:13:18Z">
          <reporter-output>
          </reporter-output>
        </test-method> <!-- BigPink_GFS -->
        <test-method status="PASS" signature="pretearDown()[pri:0, instance:com.edge.GFS.online.TestGFSOnline@614c5515]" name="pretearDown" is-config="true" duration-ms="1104" started-at="2017-02-24T04:13:18Z" finished-at="2017-02-24T04:13:19Z">
          <reporter-output>
          </reporter-output>
        </test-method> <!-- pretearDown -->
        <test-method status="PASS" signature="beforeTest()[pri:0, instance:com.edge.GFS.online.TestGFSOnline@614c5515]" name="beforeTest" is-config="true" duration-ms="6367" started-at="2017-02-24T04:13:19Z" finished-at="2017-02-24T04:13:26Z">
          <reporter-output>
          </reporter-output>
        </test-method> <!-- beforeTest -->
        <test-method status="PASS" signature="Hamiltons_GFS()[pri:0, instance:com.edge.GFS.online.TestGFSOnline@614c5515]" name="Hamiltons_GFS" duration-ms="17081" started-at="2017-02-24T04:13:26Z" finished-at="2017-02-24T04:13:43Z">
          <reporter-output>
          </reporter-output>
        </test-method> <!-- Hamiltons_GFS -->
        <test-method status="PASS" signature="pretearDown()[pri:0, instance:com.edge.GFS.online.TestGFSOnline@614c5515]" name="pretearDown" is-config="true" duration-ms="1030" started-at="2017-02-24T04:13:43Z" finished-at="2017-02-24T04:13:44Z">
          <reporter-output>
          </reporter-output>
        </test-method> <!-- pretearDown -->
        <test-method status="PASS" signature="beforeTest()[pri:0, instance:com.edge.GFS.online.TestGFSOnline@614c5515]" name="beforeTest" is-config="true" duration-ms="6178" started-at="2017-02-24T04:13:44Z" finished-at="2017-02-24T04:13:50Z">
          <reporter-output>
          </reporter-output>
        </test-method> <!-- beforeTest -->
        <test-method status="PASS" signature="ConchRep_GFS()[pri:0, instance:com.edge.GFS.online.TestGFSOnline@614c5515]" name="ConchRep_GFS" duration-ms="13477" started-at="2017-02-24T04:13:50Z" finished-at="2017-02-24T04:14:03Z">
          <reporter-output>
          </reporter-output>
        </test-method> <!-- ConchRep_GFS -->
        <test-method status="PASS" signature="pretearDown()[pri:0, instance:com.edge.GFS.online.TestGFSOnline@614c5515]" name="pretearDown" is-config="true" duration-ms="959" started-at="2017-02-24T04:14:03Z" finished-at="2017-02-24T04:14:04Z">
          <reporter-output>
          </reporter-output>
        </test-method> <!-- pretearDown -->
        <test-method status="PASS" signature="beforeTest()[pri:0, instance:com.edge.GFS.online.TestGFSOnline@614c5515]" name="beforeTest" is-config="true" duration-ms="6224" started-at="2017-02-24T04:14:04Z" finished-at="2017-02-24T04:14:11Z">
          <reporter-output>
          </reporter-output>
        </test-method> <!-- beforeTest -->
        <test-method status="PASS" signature="Woodfield_GFS()[pri:0, instance:com.edge.GFS.online.TestGFSOnline@614c5515]" name="Woodfield_GFS" duration-ms="16202" started-at="2017-02-24T04:14:11Z" finished-at="2017-02-24T04:14:27Z">
          <reporter-output>
          </reporter-output>
        </test-method> <!-- Woodfield_GFS -->
        <test-method status="PASS" signature="pretearDown()[pri:0, instance:com.edge.GFS.online.TestGFSOnline@614c5515]" name="pretearDown" is-config="true" duration-ms="1271" started-at="2017-02-24T04:14:27Z" finished-at="2017-02-24T04:14:28Z">
          <reporter-output>
          </reporter-output>
        </test-method> <!-- pretearDown -->
        <test-method status="PASS" signature="beforeTest()[pri:0, instance:com.edge.GFS.online.TestGFSOnline@614c5515]" name="beforeTest" is-config="true" duration-ms="6182" started-at="2017-02-24T04:14:28Z" finished-at="2017-02-24T04:14:34Z">
          <reporter-output>
          </reporter-output>
        </test-method> <!-- beforeTest -->
        <test-method status="PASS" signature="Bottega_GFS()[pri:0, instance:com.edge.GFS.online.TestGFSOnline@614c5515]" name="Bottega_GFS" duration-ms="15130" started-at="2017-02-24T04:14:34Z" finished-at="2017-02-24T04:14:49Z">
          <reporter-output>
          </reporter-output>
        </test-method> <!-- Bottega_GFS -->
        <test-method status="PASS" signature="pretearDown()[pri:0, instance:com.edge.GFS.online.TestGFSOnline@614c5515]" name="pretearDown" is-config="true" duration-ms="994" started-at="2017-02-24T04:14:49Z" finished-at="2017-02-24T04:14:50Z">
          <reporter-output>
          </reporter-output>
        </test-method> <!-- pretearDown -->
        <test-method status="PASS" signature="beforeTest()[pri:0, instance:com.edge.GFS.online.TestGFSOnline@614c5515]" name="beforeTest" is-config="true" duration-ms="6390" started-at="2017-02-24T04:14:50Z" finished-at="2017-02-24T04:14:57Z">
          <reporter-output>
          </reporter-output>
        </test-method> <!-- beforeTest -->
        <test-method status="FAIL" signature="Strebs_GFS()[pri:0, instance:com.edge.GFS.online.TestGFSOnline@614c5515]" name="Strebs_GFS" duration-ms="5904" started-at="2017-02-24T04:14:57Z" finished-at="2017-02-24T04:15:03Z">
          <exception class="junit.framework.ComparisonFailure">
            <message>
              <![CDATA[expected:<....gfs.com/experience/[main/portal.html]> but was:<....gfs.com/experience/[portal/j_security_check]>]]>
            </message>
            <full-stacktrace>
              <![CDATA[junit.framework.ComparisonFailure: expected:<....gfs.com/experience/[main/portal.html]> but was:<....gfs.com/experience/[portal/j_security_check]>
	at junit.framework.Assert.assertEquals(Assert.java:85)
	at junit.framework.Assert.assertEquals(Assert.java:91)
	at com.edge.GFS.online.CommonGFS.StepsToExport(CommonGFS.java:162)
	at com.edge.GFS.online.TestGFSOnline.Strebs_GFS(TestGFSOnline.java:277)
	at sun.reflect.NativeMethodAccessorImpl.invoke0(Native Method)
	at sun.reflect.NativeMethodAccessorImpl.invoke(NativeMethodAccessorImpl.java:62)
	at sun.reflect.DelegatingMethodAccessorImpl.invoke(DelegatingMethodAccessorImpl.java:43)
	at java.lang.reflect.Method.invoke(Method.java:498)
	at org.testng.internal.MethodInvocationHelper.invokeMethod(MethodInvocationHelper.java:80)
	at org.testng.internal.Invoker.invokeMethod(Invoker.java:714)
	at org.testng.internal.Invoker.invokeTestMethod(Invoker.java:901)
	at org.testng.internal.Invoker.invokeTestMethods(Invoker.java:1231)
	at org.testng.internal.TestMethodWorker.invokeTestMethods(TestMethodWorker.java:127)
	at org.testng.internal.TestMethodWorker.run(TestMethodWorker.java:111)
	at org.testng.TestRunner.privateRun(TestRunner.java:767)
	at org.testng.TestRunner.run(TestRunner.java:617)
	at org.testng.SuiteRunner.runTest(SuiteRunner.java:334)
	at org.testng.SuiteRunner.runSequentially(SuiteRunner.java:329)
	at org.testng.SuiteRunner.privateRun(SuiteRunner.java:291)
	at org.testng.SuiteRunner.run(SuiteRunner.java:240)
	at org.testng.SuiteRunnerWorker.runSuite(SuiteRunnerWorker.java:52)
	at org.testng.SuiteRunnerWorker.run(SuiteRunnerWorker.java:86)
	at org.testng.TestNG.runSuitesSequentially(TestNG.java:1198)
	at org.testng.TestNG.runSuitesLocally(TestNG.java:1123)
	at org.testng.TestNG.run(TestNG.java:1031)
	at org.apache.maven.surefire.testng.TestNGExecutor.run(TestNGExecutor.java:77)
	at org.apache.maven.surefire.testng.TestNGDirectoryTestSuite.executeSingleClass(TestNGDirectoryTestSuite.java:126)
	at org.apache.maven.surefire.testng.TestNGDirectoryTestSuite.execute(TestNGDirectoryTestSuite.java:110)
	at org.apache.maven.surefire.testng.TestNGProvider.invoke(TestNGProvider.java:117)
	at sun.reflect.NativeMethodAccessorImpl.invoke0(Native Method)
	at sun.reflect.NativeMethodAccessorImpl.invoke(NativeMethodAccessorImpl.java:62)
	at sun.reflect.DelegatingMethodAccessorImpl.invoke(DelegatingMethodAccessorImpl.java:43)
	at java.lang.reflect.Method.invoke(Method.java:498)
	at org.apache.maven.surefire.util.ReflectionUtils.invokeMethodWithArray2(ReflectionUtils.java:208)
	at org.apache.maven.surefire.booter.ProviderFactory$ProviderProxy.invoke(ProviderFactory.java:158)
	at org.apache.maven.surefire.booter.ProviderFactory.invokeProvider(ProviderFactory.java:86)
	at org.apache.maven.surefire.booter.ForkedBooter.runSuitesInProcess(ForkedBooter.java:153)
	at org.apache.maven.surefire.booter.ForkedBooter.main(ForkedBooter.java:95)
]]>
            </full-stacktrace>
          </exception> <!-- junit.framework.ComparisonFailure -->
          <reporter-output>
          </reporter-output>
        </test-method> <!-- Strebs_GFS -->
        <test-method status="PASS" signature="pretearDown()[pri:0, instance:com.edge.GFS.online.TestGFSOnline@614c5515]" name="pretearDown" is-config="true" duration-ms="793" started-at="2017-02-24T04:15:03Z" finished-at="2017-02-24T04:15:03Z">
          <reporter-output>
          </reporter-output>
        </test-method> <!-- pretearDown -->
        <test-method status="PASS" signature="beforeTest()[pri:0, instance:com.edge.GFS.online.TestGFSOnline@614c5515]" name="beforeTest" is-config="true" duration-ms="6129" started-at="2017-02-24T04:15:03Z" finished-at="2017-02-24T04:15:10Z">
          <reporter-output>
          </reporter-output>
        </test-method> <!-- beforeTest -->
        <test-method status="PASS" signature="Prime112_GFS()[pri:0, instance:com.edge.GFS.online.TestGFSOnline@614c5515]" name="Prime112_GFS" duration-ms="14080" started-at="2017-02-24T04:15:10Z" finished-at="2017-02-24T04:15:24Z">
          <reporter-output>
          </reporter-output>
        </test-method> <!-- Prime112_GFS -->
        <test-method status="PASS" signature="pretearDown()[pri:0, instance:com.edge.GFS.online.TestGFSOnline@614c5515]" name="pretearDown" is-config="true" duration-ms="978" started-at="2017-02-24T04:15:24Z" finished-at="2017-02-24T04:15:25Z">
          <reporter-output>
          </reporter-output>
        </test-method> <!-- pretearDown -->
        <test-method status="PASS" signature="beforeTest()[pri:0, instance:com.edge.GFS.online.TestGFSOnline@614c5515]" name="beforeTest" is-config="true" duration-ms="6185" started-at="2017-02-24T04:15:25Z" finished-at="2017-02-24T04:15:31Z">
          <reporter-output>
          </reporter-output>
        </test-method> <!-- beforeTest -->
        <test-method status="PASS" signature="TrumpIntl_GFS()[pri:0, instance:com.edge.GFS.online.TestGFSOnline@614c5515]" name="TrumpIntl_GFS" duration-ms="14073" started-at="2017-02-24T04:15:31Z" finished-at="2017-02-24T04:15:45Z">
          <reporter-output>
          </reporter-output>
        </test-method> <!-- TrumpIntl_GFS -->
        <test-method status="PASS" signature="pretearDown()[pri:0, instance:com.edge.GFS.online.TestGFSOnline@614c5515]" name="pretearDown" is-config="true" duration-ms="834" started-at="2017-02-24T04:15:45Z" finished-at="2017-02-24T04:15:46Z">
          <reporter-output>
          </reporter-output>
        </test-method> <!-- pretearDown -->
        <test-method status="PASS" signature="AfterClass()[pri:0, instance:com.edge.GFS.online.TestGFSOnline@614c5515]" name="AfterClass" is-config="true" duration-ms="0" started-at="2017-02-24T04:15:46Z" finished-at="2017-02-24T04:15:46Z">
          <reporter-output>
          </reporter-output>
        </test-method> <!-- AfterClass -->
      </class> <!-- com.edge.GFS.online.TestGFSOnline -->
    </test> <!-- Command line test -->
  </suite> <!-- com.edge.GFS.online.TestGFSOnline -->
</testng-results>
