<?xml version="1.0" encoding="UTF-8" ?>
<testsuite tests="49" failures="1" name="com.edge.GFS.online.TestGFSOnline" time="1.29" errors="0" skipped="48">
  <properties>
    <property name="java.runtime.name" value="Java(TM) SE Runtime Environment"/>
    <property name="sun.boot.library.path" value="C:\Program Files\Java\jdk1.8.0_121\jre\bin"/>
    <property name="java.vm.version" value="25.121-b13"/>
    <property name="java.vm.vendor" value="Oracle Corporation"/>
    <property name="maven.multiModuleProjectDirectory" value="C:\Users\Edge\git\masterGFS"/>
    <property name="java.vendor.url" value="http://java.oracle.com/"/>
    <property name="path.separator" value=";"/>
    <property name="guice.disable.misplaced.annotation.check" value="true"/>
    <property name="java.vm.name" value="Java HotSpot(TM) 64-Bit Server VM"/>
    <property name="file.encoding.pkg" value="sun.io"/>
    <property name="user.script" value=""/>
    <property name="user.country" value="US"/>
    <property name="sun.java.launcher" value="SUN_STANDARD"/>
    <property name="sun.os.patch.level" value=""/>
    <property name="java.vm.specification.name" value="Java Virtual Machine Specification"/>
    <property name="user.dir" value="C:\Users\Edge\git\masterGFS"/>
    <property name="java.runtime.version" value="1.8.0_121-b13"/>
    <property name="java.awt.graphicsenv" value="sun.awt.Win32GraphicsEnvironment"/>
    <property name="java.endorsed.dirs" value="C:\Program Files\Java\jdk1.8.0_121\jre\lib\endorsed"/>
    <property name="os.arch" value="amd64"/>
    <property name="java.io.tmpdir" value="C:\Users\Edge\AppData\Local\Temp\4\"/>
    <property name="line.separator" value="
"/>
    <property name="java.vm.specification.vendor" value="Oracle Corporation"/>
    <property name="user.variant" value=""/>
    <property name="os.name" value="Windows Server 2012 R2"/>
    <property name="classworlds.conf" value="C:\Users\Edge\workspace\.metadata\.plugins\org.eclipse.m2e.launching\launches\m2conf9162328049938282498.tmp"/>
    <property name="sun.jnu.encoding" value="Cp1252"/>
    <property name="java.library.path" value="C:\Program Files\Java\jdk1.8.0_121\bin;C:\windows\Sun\Java\bin;C:\windows\system32;C:\windows;C:/Program Files/Java/jdk1.8.0_121/bin/../jre/bin/server;C:/Program Files/Java/jdk1.8.0_121/bin/../jre/bin;C:/Program Files/Java/jdk1.8.0_121/bin/../jre/lib/amd64;C:\Program Files\Java\jdk1.8.0_121\bin;C:\windows\system32;C:\windows;C:\windows\System32\Wbem;C:\windows\System32\WindowsPowerShell\v1.0\;C:\Program Files\ESET\ESET File Security\;C:\Softwares\eclipse-jee-mars-2-win32-x86_64\eclipse;;."/>
    <property name="java.specification.name" value="Java Platform API Specification"/>
    <property name="java.class.version" value="52.0"/>
    <property name="sun.management.compiler" value="HotSpot 64-Bit Tiered Compilers"/>
    <property name="os.version" value="6.3"/>
    <property name="user.home" value="C:\Users\Edge"/>
    <property name="user.timezone" value="America/Los_Angeles"/>
    <property name="java.awt.printerjob" value="sun.awt.windows.WPrinterJob"/>
    <property name="java.specification.version" value="1.8"/>
    <property name="file.encoding" value="Cp1252"/>
    <property name="user.name" value="Edge"/>
    <property name="java.class.path" value="/C:/Softwares/eclipse-jee-mars-2-win32-x86_64/eclipse/plugins/org.eclipse.m2e.maven.runtime_1.6.2.20150902-0001/jars/plexus-classworlds-2.5.2.jar"/>
    <property name="java.vm.specification.version" value="1.8"/>
    <property name="sun.arch.data.model" value="64"/>
    <property name="java.home" value="C:\Program Files\Java\jdk1.8.0_121\jre"/>
    <property name="sun.java.command" value="org.codehaus.plexus.classworlds.launcher.Launcher -B install"/>
    <property name="java.specification.vendor" value="Oracle Corporation"/>
    <property name="user.language" value="en"/>
    <property name="awt.toolkit" value="sun.awt.windows.WToolkit"/>
    <property name="java.vm.info" value="mixed mode"/>
    <property name="java.version" value="1.8.0_121"/>
    <property name="java.ext.dirs" value="C:\Program Files\Java\jdk1.8.0_121\jre\lib\ext;C:\windows\Sun\Java\lib\ext"/>
    <property name="sun.boot.class.path" value="C:\Program Files\Java\jdk1.8.0_121\jre\lib\resources.jar;C:\Program Files\Java\jdk1.8.0_121\jre\lib\rt.jar;C:\Program Files\Java\jdk1.8.0_121\jre\lib\sunrsasign.jar;C:\Program Files\Java\jdk1.8.0_121\jre\lib\jsse.jar;C:\Program Files\Java\jdk1.8.0_121\jre\lib\jce.jar;C:\Program Files\Java\jdk1.8.0_121\jre\lib\charsets.jar;C:\Program Files\Java\jdk1.8.0_121\jre\lib\jfr.jar;C:\Program Files\Java\jdk1.8.0_121\jre\classes"/>
    <property name="java.vendor" value="Oracle Corporation"/>
    <property name="maven.home" value="C:\Users\Edge\git\masterGFS\EMBEDDED"/>
    <property name="file.separator" value="\"/>
    <property name="java.vendor.url.bug" value="http://bugreport.sun.com/bugreport/"/>
    <property name="sun.cpu.endian" value="little"/>
    <property name="sun.io.unicode.encoding" value="UnicodeLittle"/>
    <property name="sun.desktop" value="windows"/>
    <property name="sun.cpu.isalist" value="amd64"/>
  </properties>
  <testcase classname="com.edge.GFS.online.TestGFSOnline" name="beforeTest" time="1.281">
    <failure message="The driver executable does not exist: C:\Users\ashsaxen\Downloads\chromedriver_win32\chromedriver.exe" type="java.lang.IllegalStateException">java.lang.IllegalStateException: The driver executable does not exist: C:\Users\ashsaxen\Downloads\chromedriver_win32\chromedriver.exe
	at com.google.common.base.Preconditions.checkState(Preconditions.java:199)
	at org.openqa.selenium.remote.service.DriverService.checkExecutable(DriverService.java:121)
	at org.openqa.selenium.remote.service.DriverService.findExecutable(DriverService.java:116)
	at org.openqa.selenium.chrome.ChromeDriverService.access$000(ChromeDriverService.java:32)
	at org.openqa.selenium.chrome.ChromeDriverService$Builder.findDefaultExecutable(ChromeDriverService.java:137)
	at org.openqa.selenium.remote.service.DriverService$Builder.build(DriverService.java:296)
	at org.openqa.selenium.chrome.ChromeDriverService.createDefaultService(ChromeDriverService.java:88)
	at org.openqa.selenium.chrome.ChromeDriver.&lt;init&gt;(ChromeDriver.java:120)
	at com.edge.GFS.online.TestGFSOnline.beforeTest(TestGFSOnline.java:46)
</failure>
    <system-out>Configuring TestNG with: TestNG652Configurator
*************GFS************
***********StartTest*********
</system-out>
  </testcase>
  <testcase classname="com.edge.GFS.online.TestGFSOnline" name="Espositos_GFS" time="0">
    <skipped/>
  </testcase>
  <testcase classname="com.edge.GFS.online.TestGFSOnline" name="pretearDown" time="0">
    <skipped/>
  </testcase>
  <testcase classname="com.edge.GFS.online.TestGFSOnline" name="beforeTest" time="0">
    <skipped/>
  </testcase>
  <testcase classname="com.edge.GFS.online.TestGFSOnline" name="Liguoris_GFS" time="0">
    <skipped/>
  </testcase>
  <testcase classname="com.edge.GFS.online.TestGFSOnline" name="pretearDown" time="0.001">
    <skipped/>
  </testcase>
  <testcase classname="com.edge.GFS.online.TestGFSOnline" name="beforeTest" time="0.001">
    <skipped/>
  </testcase>
  <testcase classname="com.edge.GFS.online.TestGFSOnline" name="Gilberts_GFS" time="0">
    <skipped/>
  </testcase>
  <testcase classname="com.edge.GFS.online.TestGFSOnline" name="pretearDown" time="0">
    <skipped/>
  </testcase>
  <testcase classname="com.edge.GFS.online.TestGFSOnline" name="beforeTest" time="0">
    <skipped/>
  </testcase>
  <testcase classname="com.edge.GFS.online.TestGFSOnline" name="OldKeyLime_GFS" time="0">
    <skipped/>
  </testcase>
  <testcase classname="com.edge.GFS.online.TestGFSOnline" name="pretearDown" time="0">
    <skipped/>
  </testcase>
  <testcase classname="com.edge.GFS.online.TestGFSOnline" name="beforeTest" time="0">
    <skipped/>
  </testcase>
  <testcase classname="com.edge.GFS.online.TestGFSOnline" name="SportsGrillSunset_GFS" time="0">
    <skipped/>
  </testcase>
  <testcase classname="com.edge.GFS.online.TestGFSOnline" name="pretearDown" time="0">
    <skipped/>
  </testcase>
  <testcase classname="com.edge.GFS.online.TestGFSOnline" name="beforeTest" time="0">
    <skipped/>
  </testcase>
  <testcase classname="com.edge.GFS.online.TestGFSOnline" name="SportsGrillKendall_GFS" time="0">
    <skipped/>
  </testcase>
  <testcase classname="com.edge.GFS.online.TestGFSOnline" name="pretearDown" time="0">
    <skipped/>
  </testcase>
  <testcase classname="com.edge.GFS.online.TestGFSOnline" name="beforeTest" time="0">
    <skipped/>
  </testcase>
  <testcase classname="com.edge.GFS.online.TestGFSOnline" name="SportsGrillPembroke_GFS" time="0">
    <skipped/>
  </testcase>
  <testcase classname="com.edge.GFS.online.TestGFSOnline" name="pretearDown" time="0">
    <skipped/>
  </testcase>
  <testcase classname="com.edge.GFS.online.TestGFSOnline" name="beforeTest" time="0">
    <skipped/>
  </testcase>
  <testcase classname="com.edge.GFS.online.TestGFSOnline" name="SportsGrillPalmetto_GFS" time="0">
    <skipped/>
  </testcase>
  <testcase classname="com.edge.GFS.online.TestGFSOnline" name="pretearDown" time="0">
    <skipped/>
  </testcase>
  <testcase classname="com.edge.GFS.online.TestGFSOnline" name="beforeTest" time="0">
    <skipped/>
  </testcase>
  <testcase classname="com.edge.GFS.online.TestGFSOnline" name="SportsGrillSouthMiami_GFS" time="0">
    <skipped/>
  </testcase>
  <testcase classname="com.edge.GFS.online.TestGFSOnline" name="pretearDown" time="0">
    <skipped/>
  </testcase>
  <testcase classname="com.edge.GFS.online.TestGFSOnline" name="beforeTest" time="0">
    <skipped/>
  </testcase>
  <testcase classname="com.edge.GFS.online.TestGFSOnline" name="Talavera_GFS" time="0">
    <skipped/>
  </testcase>
  <testcase classname="com.edge.GFS.online.TestGFSOnline" name="pretearDown" time="0">
    <skipped/>
  </testcase>
  <testcase classname="com.edge.GFS.online.TestGFSOnline" name="beforeTest" time="0">
    <skipped/>
  </testcase>
  <testcase classname="com.edge.GFS.online.TestGFSOnline" name="TownKitchen_GFS" time="0">
    <skipped/>
  </testcase>
  <testcase classname="com.edge.GFS.online.TestGFSOnline" name="pretearDown" time="0">
    <skipped/>
  </testcase>
  <testcase classname="com.edge.GFS.online.TestGFSOnline" name="beforeTest" time="0.007">
    <skipped/>
  </testcase>
  <testcase classname="com.edge.GFS.online.TestGFSOnline" name="BigPink_Prime_GFS" time="0">
    <skipped/>
  </testcase>
  <testcase classname="com.edge.GFS.online.TestGFSOnline" name="pretearDown" time="0">
    <skipped/>
  </testcase>
  <testcase classname="com.edge.GFS.online.TestGFSOnline" name="beforeTest" time="0">
    <skipped/>
  </testcase>
  <testcase classname="com.edge.GFS.online.TestGFSOnline" name="Hamiltons_GFS" time="0">
    <skipped/>
  </testcase>
  <testcase classname="com.edge.GFS.online.TestGFSOnline" name="pretearDown" time="0">
    <skipped/>
  </testcase>
  <testcase classname="com.edge.GFS.online.TestGFSOnline" name="beforeTest" time="0">
    <skipped/>
  </testcase>
  <testcase classname="com.edge.GFS.online.TestGFSOnline" name="ConchRep_GFS" time="0">
    <skipped/>
  </testcase>
  <testcase classname="com.edge.GFS.online.TestGFSOnline" name="pretearDown" time="0">
    <skipped/>
  </testcase>
  <testcase classname="com.edge.GFS.online.TestGFSOnline" name="beforeTest" time="0">
    <skipped/>
  </testcase>
  <testcase classname="com.edge.GFS.online.TestGFSOnline" name="Woodfield_GFS" time="0">
    <skipped/>
  </testcase>
  <testcase classname="com.edge.GFS.online.TestGFSOnline" name="pretearDown" time="0">
    <skipped/>
  </testcase>
  <testcase classname="com.edge.GFS.online.TestGFSOnline" name="beforeTest" time="0">
    <skipped/>
  </testcase>
  <testcase classname="com.edge.GFS.online.TestGFSOnline" name="Bottega_GFS" time="0">
    <skipped/>
  </testcase>
  <testcase classname="com.edge.GFS.online.TestGFSOnline" name="pretearDown" time="0">
    <skipped/>
  </testcase>
  <testcase classname="com.edge.GFS.online.TestGFSOnline" name="AfterClass" time="0">
    <skipped/>
  </testcase>
</testsuite>